#
# A fatal error has been detected by the Java Runtime Environment:
#
#  EXCEPTION_ACCESS_VIOLATION (0xc0000005) at pc=0x8c14bdc5, pid=5668, tid=19696
#
# JRE version: 7.0_25-b17
# Java VM: Java HotSpot(TM) Client VM (23.25-b01 mixed mode windows-x86 )
# Problematic frame:
# C  0x8c14bdc5
#
# Failed to write core dump. Minidumps are not enabled by default on client versions of Windows
#
# If you would like to submit a bug report, please visit:
#   http://bugreport.sun.com/bugreport/crash.jsp
# The crash happened outside the Java Virtual Machine in native code.
# See problematic frame for where to report the bug.
#

---------------  T H R E A D  ---------------

Current thread (0x18a47800):  JavaThread "AWT-EventQueue-0" [_thread_in_native, id=19696, stack(0x19780000,0x197d0000)]

siginfo: ExceptionCode=0xc0000005, ExceptionInformation=0x00000008 0x8c14bdc5

Registers:
EAX=0x00000000, EBX=0xd8028cac, ECX=0x753d98da, EDX=0x00000057
ESP=0x197ceb4d, EBP=0x197ceb90, ESI=0xd014bdc5, EDI=0x18a47800
EIP=0x8c14bdc5, EFLAGS=0x00010246

Top of Stack: (sp=0x197ceb4d)
0x197ceb4d:   28028cad a018a479 24197ceb 28189394
0x197ceb5d:   b614bd8f 68000000 00197ceb e8000000
0x197ceb6d:   6809e1ef d0197ceb a014bdc5 98197ceb
0x197ceb7d:   0014c925 d8000000 0014bdc5 a0000000
0x197ceb8d:   d4197ceb c7197ceb 00028c32 89000000
0x197ceb9d:   e8028c89 0509e1ef 00000000 01000000
0x197cebad:   e8000000 a409e1ef 28197ceb f014bd8f
0x197cebbd:   08197ceb 0014c91e 80000000 a014bd8f 

Instructions: (pc=0x8c14bdc5)
0x8c14bda5:   
[error occurred during error reporting (printing registers, top of stack, instructions near pc), id 0xc0000005]

Register to memory mapping:

EAX=0x00000000 is an unknown value
EBX=0xd8028cac is an unknown value
ECX=0x753d98da is an unknown value
EDX=0x00000057 is an unknown value
ESP=0x197ceb4d is pointing into the stack for thread: 0x18a47800
EBP=0x197ceb90 is pointing into the stack for thread: 0x18a47800
ESI=0xd014bdc5 is an unknown value
EDI=0x18a47800 is a thread


Stack: [0x19780000,0x197d0000],  sp=0x197ceb4d,  free space=314k
Native frames: (J=compiled Java code, j=interpreted, Vv=VM code, C=native code)
C  0x8c14bdc5

Java frames: (J=compiled Java code, j=interpreted, Vv=VM code)
j  org.sqlite.core.NativeDB._close()V+0
j  org.sqlite.core.DB.close()V+152
j  org.sqlite.core.CoreConnection.close()V+26
j  www.lounger.DBHelper.close()V+4
j  www.lounger.kaz.MainFrame$3.windowClosing(Ljava/awt/event/WindowEvent;)V+7
j  java.awt.Window.processWindowEvent(Ljava/awt/event/WindowEvent;)V+68
j  javax.swing.JFrame.processWindowEvent(Ljava/awt/event/WindowEvent;)V+2
j  java.awt.Window.processEvent(Ljava/awt/AWTEvent;)V+69
j  java.awt.Component.dispatchEventImpl(Ljava/awt/AWTEvent;)V+581
j  java.awt.Container.dispatchEventImpl(Ljava/awt/AWTEvent;)V+42
j  java.awt.Window.dispatchEventImpl(Ljava/awt/AWTEvent;)V+19
j  java.awt.Component.dispatchEvent(Ljava/awt/AWTEvent;)V+2
j  java.awt.EventQueue.dispatchEventImpl(Ljava/awt/AWTEvent;Ljava/lang/Object;)V+41
j  java.awt.EventQueue.access$200(Ljava/awt/EventQueue;Ljava/awt/AWTEvent;Ljava/lang/Object;)V+3
j  java.awt.EventQueue$3.run()Ljava/lang/Void;+12
j  java.awt.EventQueue$3.run()Ljava/lang/Object;+1
v  ~StubRoutines::call_stub
j  java.security.AccessController.doPrivileged(Ljava/security/PrivilegedAction;Ljava/security/AccessControlContext;)Ljava/lang/Object;+0
j  java.security.ProtectionDomain$1.doIntersectionPrivilege(Ljava/security/PrivilegedAction;Ljava/security/AccessControlContext;Ljava/security/AccessControlContext;)Ljava/lang/Object;+28
j  java.security.ProtectionDomain$1.doIntersectionPrivilege(Ljava/security/PrivilegedAction;Ljava/security/AccessControlContext;)Ljava/lang/Object;+6
j  java.awt.EventQueue$4.run()Ljava/lang/Void;+11
j  java.awt.EventQueue$4.run()Ljava/lang/Object;+1
v  ~StubRoutines::call_stub
j  java.security.AccessController.doPrivileged(Ljava/security/PrivilegedAction;Ljava/security/AccessControlContext;)Ljava/lang/Object;+0
j  java.security.ProtectionDomain$1.doIntersectionPrivilege(Ljava/security/PrivilegedAction;Ljava/security/AccessControlContext;Ljava/security/AccessControlContext;)Ljava/lang/Object;+28
j  java.awt.EventQueue.dispatchEvent(Ljava/awt/AWTEvent;)V+73
j  java.awt.EventDispatchThread.pumpOneEventForFilters(I)V+245
j  java.awt.EventDispatchThread.pumpEventsForFilter(ILjava/awt/Conditional;Ljava/awt/EventFilter;)V+35
j  java.awt.EventDispatchThread.pumpEventsForHierarchy(ILjava/awt/Conditional;Ljava/awt/Component;)V+11
j  java.awt.EventDispatchThread.pumpEvents(ILjava/awt/Conditional;)V+4
j  java.awt.EventDispatchThread.pumpEvents(Ljava/awt/Conditional;)V+3
j  java.awt.EventDispatchThread.run()V+9
v  ~StubRoutines::call_stub

---------------  P R O C E S S  ---------------

Java Threads: ( => current thread )
  0x19f2e800 JavaThread "TimerQueue" daemon [_thread_blocked, id=23120, stack(0x18c50000,0x18ca0000)]
  0x00f9bc00 JavaThread "DestroyJavaVM" [_thread_blocked, id=19184, stack(0x00d60000,0x00db0000)]
=>0x18a47800 JavaThread "AWT-EventQueue-0" [_thread_in_native, id=19696, stack(0x19780000,0x197d0000)]
  0x18a46c00 JavaThread "AWT-Windows" daemon [_thread_in_native, id=26428, stack(0x18fa0000,0x18ff0000)]
  0x18a3e400 JavaThread "AWT-Shutdown" [_thread_blocked, id=33244, stack(0x19250000,0x192a0000)]
  0x18a3b000 JavaThread "Java2D Disposer" daemon [_thread_blocked, id=8596, stack(0x18b40000,0x18b90000)]
  0x18935800 JavaThread "Service Thread" daemon [_thread_blocked, id=39132, stack(0x18f50000,0x18fa0000)]
  0x1892f000 JavaThread "C1 CompilerThread0" daemon [_thread_blocked, id=25524, stack(0x18e70000,0x18ec0000)]
  0x1892dc00 JavaThread "Attach Listener" daemon [_thread_blocked, id=31608, stack(0x18de0000,0x18e30000)]
  0x1892a800 JavaThread "Signal Dispatcher" daemon [_thread_blocked, id=8840, stack(0x18ca0000,0x18cf0000)]
  0x188d1c00 JavaThread "Finalizer" daemon [_thread_blocked, id=33780, stack(0x18be0000,0x18c30000)]
  0x188cc800 JavaThread "Reference Handler" daemon [_thread_blocked, id=37896, stack(0x00fc0000,0x01010000)]

Other Threads:
  0x188c7000 VMThread [stack: 0x00db0000,0x00e00000] [id=9516]
  0x18951400 WatcherThread [stack: 0x18d90000,0x18de0000] [id=28048]

VM state:not at safepoint (normal execution)

VM Mutex/Monitor currently owned by a thread: None

Heap
 def new generation   total 4928K, used 2519K [0x048c0000, 0x04e10000, 0x09e10000)
  eden space 4416K,  45% used [0x048c0000, 0x04ab5cc8, 0x04d10000)
  from space 512K, 100% used [0x04d90000, 0x04e10000, 0x04e10000)
  to   space 512K,   0% used [0x04d10000, 0x04d10000, 0x04d90000)
 tenured generation   total 10944K, used 719K [0x09e10000, 0x0a8c0000, 0x148c0000)
   the space 10944K,   6% used [0x09e10000, 0x09ec3fc0, 0x09ec4000, 0x0a8c0000)
 compacting perm gen  total 12288K, used 7460K [0x148c0000, 0x154c0000, 0x188c0000)
   the space 12288K,  60% used [0x148c0000, 0x15009320, 0x15009400, 0x154c0000)
No shared spaces configured.

Card table byte_map: [0x00ca0000,0x00d50000] byte_map_base: 0x00c7ba00

Polling page: 0x00340000

Code Cache  [0x028c0000, 0x02990000, 0x048c0000)
 total_blobs=378 nmethods=152 adapters=161 free_code_cache=31953Kb largest_free_block=32719872

Compilation events (10 events):
Event: 10.564 Thread 0x1892f000  147             sun.font.CompositeStrike::getCodePointAdvance (16 bytes)
Event: 10.565 Thread 0x1892f000 nmethod 147 0x0298ab48 code [0x0298ac80, 0x0298ae00]
Event: 10.565 Thread 0x1892f000  148             sun.font.CompositeGlyphMapper::charToGlyph (19 bytes)
Event: 10.565 Thread 0x1892f000 nmethod 148 0x0298af48 code [0x0298b050, 0x0298b15c]
Event: 10.565 Thread 0x1892f000  149             sun.font.CompositeStrike::getGlyphAdvance (15 bytes)
Event: 10.565 Thread 0x1892f000 nmethod 149 0x0298b308 code [0x0298b410, 0x0298b4c8]
Event: 10.565 Thread 0x1892f000  150             sun.font.CompositeStrike::getStrikeForGlyph (9 bytes)
Event: 10.565 Thread 0x1892f000 nmethod 150 0x0298b548 code [0x0298b640, 0x0298b6cc]
Event: 29.245 Thread 0x1892f000  151             java.awt.Component::getTreeLock (4 bytes)
Event: 29.245 Thread 0x1892f000 nmethod 151 0x0298ba48 code [0x0298bb40, 0x0298bbc0]

GC Heap History (2 events):
Event: 5.360 GC heap before
{Heap before GC invocations=0 (full 0):
 def new generation   total 4928K, used 4416K [0x048c0000, 0x04e10000, 0x09e10000)
  eden space 4416K, 100% used [0x048c0000, 0x04d10000, 0x04d10000)
  from space 512K,   0% used [0x04d10000, 0x04d10000, 0x04d90000)
  to   space 512K,   0% used [0x04d90000, 0x04d90000, 0x04e10000)
 tenured generation   total 10944K, used 0K [0x09e10000, 0x0a8c0000, 0x148c0000)
   the space 10944K,   0% used [0x09e10000, 0x09e10000, 0x09e10200, 0x0a8c0000)
 compacting perm gen  total 12288K, used 5635K [0x148c0000, 0x154c0000, 0x188c0000)
   the space 12288K,  45% used [0x148c0000, 0x14e40de0, 0x14e40e00, 0x154c0000)
No shared spaces configured.
Event: 5.365 GC heap after
Heap after GC invocations=1 (full 0):
 def new generation   total 4928K, used 512K [0x048c0000, 0x04e10000, 0x09e10000)
  eden space 4416K,   0% used [0x048c0000, 0x048c0000, 0x04d10000)
  from space 512K, 100% used [0x04d90000, 0x04e10000, 0x04e10000)
  to   space 512K,   0% used [0x04d10000, 0x04d10000, 0x04d90000)
 tenured generation   total 10944K, used 719K [0x09e10000, 0x0a8c0000, 0x148c0000)
   the space 10944K,   6% used [0x09e10000, 0x09ec3fc0, 0x09ec4000, 0x0a8c0000)
 compacting perm gen  total 12288K, used 5635K [0x148c0000, 0x154c0000, 0x188c0000)
   the space 12288K,  45% used [0x148c0000, 0x14e40de0, 0x14e40e00, 0x154c0000)
No shared spaces configured.
}

Deoptimization events (0 events):
No events

Internal exceptions (10 events):
Event: 5.201 Thread 0x18a47800 Threw 0x04d02190 at C:\jdk7u2_32P\jdk7u25\hotspot\src\share\vm\prims\jvm.cpp:1235
Event: 5.278 Thread 0x18a47800 Threw 0x04d07360 at C:\jdk7u2_32P\jdk7u25\hotspot\src\share\vm\prims\jvm.cpp:1235
Event: 5.321 Thread 0x18a47800 Threw 0x04d0ae38 at C:\jdk7u2_32P\jdk7u25\hotspot\src\share\vm\prims\jvm.cpp:1235
Event: 5.336 Thread 0x18a47800 Threw 0x04d0e9e0 at C:\jdk7u2_32P\jdk7u25\hotspot\src\share\vm\prims\jvm.cpp:1235
Event: 5.365 Thread 0x18a47800 Threw 0x048c3288 at C:\jdk7u2_32P\jdk7u25\hotspot\src\share\vm\prims\jvm.cpp:1235
Event: 5.378 Thread 0x18a47800 Threw 0x048c7108 at C:\jdk7u2_32P\jdk7u25\hotspot\src\share\vm\prims\jvm.cpp:1235
Event: 5.397 Thread 0x18a47800 Threw 0x048d2918 at C:\jdk7u2_32P\jdk7u25\hotspot\src\share\vm\prims\jvm.cpp:1235
Event: 6.310 Thread 0x18a47800 Threw 0x04928130 at C:\jdk7u2_32P\jdk7u25\hotspot\src\share\vm\prims\jvm.cpp:1235
Event: 6.321 Thread 0x18a47800 Threw 0x04932de0 at C:\jdk7u2_32P\jdk7u25\hotspot\src\share\vm\prims\jvm.cpp:1235
Event: 6.334 Thread 0x18a47800 Threw 0x04937828 at C:\jdk7u2_32P\jdk7u25\hotspot\src\share\vm\prims\jvm.cpp:1235

Events (10 events):
Event: 29.239 loading class 0x18a104d0
Event: 29.239 loading class 0x18a104d0 done
Event: 29.239 loading class 0x18991ab0
Event: 29.239 loading class 0x18991ab0 done
Event: 29.239 loading class 0x1899a4f8
Event: 29.239 loading class 0x1899a4f8 done
Event: 29.261 loading class 0x18aae970
Event: 29.261 loading class 0x18aae970 done
Event: 29.997 Executing VM operation: RevokeBias
Event: 29.997 Executing VM operation: RevokeBias done


Dynamic libraries:
0x01090000 - 0x010bf000 	C:\eclipse\jdk1.7.0_25\bin\javaw.exe
0x77980000 - 0x77b00000 	C:\Windows\SysWOW64\ntdll.dll
0x75760000 - 0x75870000 	C:\Windows\syswow64\kernel32.dll
0x76b80000 - 0x76bc7000 	C:\Windows\syswow64\KERNELBASE.dll
0x76d90000 - 0x76e31000 	C:\Windows\syswow64\ADVAPI32.dll
0x753d0000 - 0x7547c000 	C:\Windows\syswow64\msvcrt.dll
0x756d0000 - 0x756e9000 	C:\Windows\SysWOW64\sechost.dll
0x76ca0000 - 0x76d90000 	C:\Windows\syswow64\RPCRT4.dll
0x74f90000 - 0x74ff0000 	C:\Windows\syswow64\SspiCli.dll
0x74f80000 - 0x74f8c000 	C:\Windows\syswow64\CRYPTBASE.dll
0x766b0000 - 0x767b0000 	C:\Windows\syswow64\USER32.dll
0x751e0000 - 0x75270000 	C:\Windows\syswow64\GDI32.dll
0x75880000 - 0x7588a000 	C:\Windows\syswow64\LPK.dll
0x75330000 - 0x753cd000 	C:\Windows\syswow64\USP10.dll
0x74180000 - 0x7431e000 	C:\Windows\WinSxS\x86_microsoft.windows.common-controls_6595b64144ccf1df_6.0.7601.18837_none_41e855142bd5705d\COMCTL32.dll
0x75120000 - 0x75177000 	C:\Windows\syswow64\SHLWAPI.dll
0x75180000 - 0x751e0000 	C:\Windows\system32\IMM32.DLL
0x76bd0000 - 0x76c9d000 	C:\Windows\syswow64\MSCTF.dll
0x68000000 - 0x68041000 	C:\Windows\system32\QIPCAP.DLL
0x75930000 - 0x7657b000 	C:\Windows\syswow64\SHELL32.dll
0x72260000 - 0x722a4000 	C:\Windows\system32\DNSAPI.dll
0x76aa0000 - 0x76ad5000 	C:\Windows\syswow64\WS2_32.dll
0x75870000 - 0x75876000 	C:\Windows\syswow64\NSI.dll
0x63400000 - 0x634be000 	C:\eclipse\jdk1.7.0_25\jre\bin\msvcr100.dll
0x50030000 - 0x50372000 	C:\eclipse\jdk1.7.0_25\jre\bin\client\jvm.dll
0x6d410000 - 0x6d417000 	C:\Windows\system32\WSOCK32.dll
0x73e80000 - 0x73eb2000 	C:\Windows\system32\WINMM.dll
0x75920000 - 0x75925000 	C:\Windows\syswow64\PSAPI.DLL
0x6f5d0000 - 0x6f5dc000 	C:\eclipse\jdk1.7.0_25\jre\bin\verify.dll
0x6f5b0000 - 0x6f5d0000 	C:\eclipse\jdk1.7.0_25\jre\bin\java.dll
0x6f590000 - 0x6f5a3000 	C:\eclipse\jdk1.7.0_25\jre\bin\zip.dll
0x60400000 - 0x60544000 	C:\eclipse\jdk1.7.0_25\jre\bin\awt.dll
0x76ae0000 - 0x76b71000 	C:\Windows\syswow64\OLEAUT32.dll
0x76e40000 - 0x76f9d000 	C:\Windows\syswow64\ole32.dll
0x70870000 - 0x708f0000 	C:\Windows\system32\uxtheme.dll
0x6ede0000 - 0x6ee81000 	c:\Program Files (x86)\Hewlett-Packard\HP ProtectTools Security Manager\Bin\DpoFeedb.dll
0x71a70000 - 0x71a79000 	C:\Windows\system32\VERSION.dll
0x74330000 - 0x74347000 	C:\Windows\system32\USERENV.dll
0x74320000 - 0x7432b000 	C:\Windows\system32\profapi.dll
0x70850000 - 0x70863000 	C:\Windows\system32\dwmapi.dll
0x735d0000 - 0x73619000 	c:\Program Files (x86)\Hewlett-Packard\HP ProtectTools Security Manager\Bin\DpoSet.dll
0x6f540000 - 0x6f554000 	C:\eclipse\jdk1.7.0_25\jre\bin\net.dll
0x722d0000 - 0x7230c000 	C:\Windows\system32\mswsock.dll
0x722b0000 - 0x722b6000 	C:\Windows\System32\wship6.dll
0x6f580000 - 0x6f58f000 	C:\eclipse\jdk1.7.0_25\jre\bin\nio.dll
0x72590000 - 0x725a7000 	C:\Windows\system32\CRYPTSP.dll
0x72550000 - 0x7258b000 	C:\Windows\system32\rsaenh.dll
0x70b10000 - 0x70b20000 	C:\Windows\system32\NLAapi.dll
0x70b00000 - 0x70b10000 	C:\Windows\system32\napinsp.dll
0x70ae0000 - 0x70af2000 	C:\Windows\system32\pnrpnsp.dll
0x70ad0000 - 0x70ad8000 	C:\Windows\System32\winrnr.dll
0x722c0000 - 0x722c5000 	C:\Windows\System32\wshtcpip.dll
0x72240000 - 0x7225c000 	C:\Windows\system32\IPHLPAPI.DLL
0x72230000 - 0x72237000 	C:\Windows\system32\WINNSI.DLL
0x72220000 - 0x72226000 	C:\Windows\system32\rasadhlp.dll
0x721e0000 - 0x72218000 	C:\Windows\System32\fwpuclnt.dll
0x64bc0000 - 0x64c9c000 	C:\Users\seilov_28961\AppData\Local\Temp\sqlite-3.15.1-fa8c186f-2e5e-4181-8871-558d389fcbd1-sqlitejdbc.dll
0x6ea20000 - 0x6ea51000 	C:\eclipse\jdk1.7.0_25\jre\bin\fontmanager.dll
0x6f510000 - 0x6f540000 	C:\eclipse\jdk1.7.0_25\jre\bin\t2k.dll
0x75480000 - 0x75503000 	C:\Windows\syswow64\CLBCatQ.DLL
0x6cd50000 - 0x6ce4b000 	C:\Windows\system32\WindowsCodecs.dll
0x6ef00000 - 0x6ef4c000 	C:\Windows\system32\apphelp.dll
0x62100000 - 0x622a9000 	C:\PROGRA~2\MICROS~3\Office15\GROOVEEX.DLL
0x723d0000 - 0x72439000 	C:\Windows\system32\MSVCP100.dll
0x67a20000 - 0x67a46000 	C:\Windows\system32\ATL100.DLL
0x74350000 - 0x74596000 	C:\Windows\system32\msi.dll
0x606a0000 - 0x60f25000 	C:\PROGRA~2\MICROS~3\Office15\1049\GrooveIntlResource.dll
0x679a0000 - 0x679d1000 	C:\Windows\system32\EhStorShell.dll
0x76900000 - 0x76a9d000 	C:\Windows\syswow64\SETUPAPI.dll
0x75300000 - 0x75327000 	C:\Windows\syswow64\CFGMGR32.dll
0x756f0000 - 0x75702000 	C:\Windows\syswow64\DEVOBJ.dll
0x74080000 - 0x74175000 	C:\Windows\system32\PROPSYS.dll
0x6c4a0000 - 0x6c510000 	C:\Windows\system32\ntshrui.dll
0x70ab0000 - 0x70ac9000 	C:\Windows\system32\srvcli.dll
0x6c490000 - 0x6c49b000 	C:\Windows\system32\cscapi.dll
0x73d40000 - 0x73d4a000 	C:\Windows\system32\slc.dll
0x73ad0000 - 0x73bbb000 	C:\Windows\system32\dbghelp.dll

VM Arguments:
jvm_args: -Dfile.encoding=Cp1251 
java_command: www.lounger.kaz.MainFrame
Launcher Type: SUN_STANDARD

Environment Variables:
JAVA_HOME=C:\Program Files (x86)\Java\jdk1.7.0_02
CLASSPATH=C:\Program Files (x86)\Rational\ClearQuest\cqjni.jar
PATH=C:\oracle\product\10.2.0\client_1\bin;c:\Program Files (x86)\Intel\iCLS Client\;c:\Program Files\Intel\iCLS Client\;C:\Windows\system32;C:\Windows;C:\Windows\System32\Wbem;C:\Windows\System32\WindowsPowerShell\v1.0\;C:\Program Files\Intel\Intel(R) Management Engine Components\DAL;C:\Program Files\Intel\Intel(R) Management Engine Components\IPT;C:\Program Files (x86)\Intel\Intel(R) Management Engine Components\DAL;C:\Program Files (x86)\Intel\Intel(R) Management Engine Components\IPT;c:\Program Files (x86)\Hewlett-Packard\HP ProtectTools Security Manager\Bin\;C:\Program Files (x86)\Rational\common;C:\Program Files\Java\jre7\bin;C:\Program Files\Microsoft SQL Server\110\Tools\Binn\;C:\Program Files (x86)\Microsoft SQL Server\110\Tools\Binn\ManagementStudio\;C:\Program Files (x86)\Microsoft SQL Server\110\Tools\Binn\;C:\Program Files (x86)\Microsoft SQL Server\110\DTS\Binn\;C:\Program Files\Microsoft SQL Server\110\DTS\Binn\;C:\Program Files\Microsoft SQL Server\120\Tools\Binn\;C:\Program Files (x86)\Windows Kits\8.1\Windows Performance Toolkit\
USERNAME=seilov_28961
OS=Windows_NT
PROCESSOR_IDENTIFIER=Intel64 Family 6 Model 58 Stepping 9, GenuineIntel



---------------  S Y S T E M  ---------------

OS: Windows 7 , 64 bit Build 7601 Service Pack 1

CPU:total 4 (4 cores per cpu, 1 threads per core) family 6 model 58 stepping 9, cmov, cx8, fxsr, mmx, sse, sse2, sse3, ssse3, sse4.1, sse4.2, popcnt, avx, tsc, tscinvbit, tscinv

Memory: 4k page, physical 6162508k(872796k free), swap 12323156k(5782296k free)

vm_info: Java HotSpot(TM) Client VM (23.25-b01) for windows-x86 JRE (1.7.0_25-b17), built on Jun 21 2013 13:06:48 by "java_re" with unknown MS VC++:1600

time: Wed Jan 25 15:20:35 2017
elapsed time: 30 seconds

