#
# A fatal error has been detected by the Java Runtime Environment:
#
#  EXCEPTION_ACCESS_VIOLATION (0xc0000005) at pc=0x00000000, pid=18332, tid=26724
#
# JRE version: 7.0_25-b17
# Java VM: Java HotSpot(TM) Client VM (23.25-b01 mixed mode windows-x86 )
# Problematic frame:
# C  0x00000000
#
# Failed to write core dump. Minidumps are not enabled by default on client versions of Windows
#
# If you would like to submit a bug report, please visit:
#   http://bugreport.sun.com/bugreport/crash.jsp
# The crash happened outside the Java Virtual Machine in native code.
# See problematic frame for where to report the bug.
#

---------------  T H R E A D  ---------------

Current thread (0x00f79000):  JavaThread "AWT-EventQueue-0" [_thread_in_native, id=26724, stack(0x196d0000,0x19720000)]

siginfo: ExceptionCode=0xc0000005, ExceptionInformation=0x00000008 0x00000000

Registers:
EAX=0x00000000, EBX=0x06000000, ECX=0x753d98da, EDX=0x00000057
ESP=0x1971e80d, EBP=0x1971e86c, ESI=0x08000000, EDI=0x00f79000
EIP=0x00000000, EFLAGS=0x00010246

Top of Stack: (sp=0x1971e80d)
0x1971e80d:   f800f790 0014bdca 5814bdcb 6719afdc
0x1971e81d:   8c000000 00028cac f814bdcb 8c14bdca
0x1971e82d:   28028cad 8000f791 7c1971e8 b61971e8
0x1971e83d:   44000000 001971e8 a8000000 4409e224
0x1971e84d:   f81971e8 8014bdca 981971e8 0014c925
0x1971e85d:   00000000 0014bdcb 7c000000 ac1971e8
0x1971e86d:   c41971e8 00028c33 89000000 80028c89
0x1971e87d:   a804b4e1 0009e224 a8000000 8409e224 

Instructions: (pc=0x00000000)
0xffffffe0:   


Register to memory mapping:

EAX=0x00000000 is an unknown value
EBX=0x06000000 is an unallocated location in the heap
ECX=0x753d98da is an unknown value
EDX=0x00000057 is an unknown value
ESP=0x1971e80d is pointing into the stack for thread: 0x00f79000
EBP=0x1971e86c is pointing into the stack for thread: 0x00f79000
ESI=0x08000000 is an unallocated location in the heap
EDI=0x00f79000 is a thread


Stack: [0x196d0000,0x19720000],  sp=0x1971e80d,  free space=314k
Java frames: (J=compiled Java code, j=interpreted, Vv=VM code)
j  org.sqlite.core.NativeDB.prepare_utf8([B)J+0
j  org.sqlite.core.NativeDB.prepare(Ljava/lang/String;)J+5
j  org.sqlite.core.DB.prepare(Lorg/sqlite/core/CoreStatement;)V+36
j  org.sqlite.jdbc3.JDBC3Statement.executeQuery(Ljava/lang/String;)Ljava/sql/ResultSet;+14
j  www.lounger.DBHelper.getAllNastroika()Ljava/util/ArrayList;+15
j  www.lounger.kaz.NastroikaListener.mouseClicked(Ljava/awt/event/MouseEvent;)V+96
j  java.awt.Component.processMouseEvent(Ljava/awt/event/MouseEvent;)V+74
j  javax.swing.JComponent.processMouseEvent(Ljava/awt/event/MouseEvent;)V+23
j  java.awt.Component.processEvent(Ljava/awt/AWTEvent;)V+81
j  java.awt.Container.processEvent(Ljava/awt/AWTEvent;)V+18
j  java.awt.Component.dispatchEventImpl(Ljava/awt/AWTEvent;)V+581
j  java.awt.Container.dispatchEventImpl(Ljava/awt/AWTEvent;)V+42
j  java.awt.Component.dispatchEvent(Ljava/awt/AWTEvent;)V+2
j  java.awt.LightweightDispatcher.retargetMouseEvent(Ljava/awt/Component;ILjava/awt/event/MouseEvent;)V+327
j  java.awt.LightweightDispatcher.processMouseEvent(Ljava/awt/event/MouseEvent;)Z+157
j  java.awt.LightweightDispatcher.dispatchEvent(Ljava/awt/AWTEvent;)Z+50
j  java.awt.Container.dispatchEventImpl(Ljava/awt/AWTEvent;)V+12
j  java.awt.Window.dispatchEventImpl(Ljava/awt/AWTEvent;)V+19
j  java.awt.Component.dispatchEvent(Ljava/awt/AWTEvent;)V+2
j  java.awt.EventQueue.dispatchEventImpl(Ljava/awt/AWTEvent;Ljava/lang/Object;)V+41
j  java.awt.EventQueue.access$200(Ljava/awt/EventQueue;Ljava/awt/AWTEvent;Ljava/lang/Object;)V+3
j  java.awt.EventQueue$3.run()Ljava/lang/Void;+12
j  java.awt.EventQueue$3.run()Ljava/lang/Object;+1
v  ~StubRoutines::call_stub
j  java.security.AccessController.doPrivileged(Ljava/security/PrivilegedAction;Ljava/security/AccessControlContext;)Ljava/lang/Object;+0
j  java.security.ProtectionDomain$1.doIntersectionPrivilege(Ljava/security/PrivilegedAction;Ljava/security/AccessControlContext;Ljava/security/AccessControlContext;)Ljava/lang/Object;+28
j  java.security.ProtectionDomain$1.doIntersectionPrivilege(Ljava/security/PrivilegedAction;Ljava/security/AccessControlContext;)Ljava/lang/Object;+6
j  java.awt.EventQueue$4.run()Ljava/lang/Void;+11
j  java.awt.EventQueue$4.run()Ljava/lang/Object;+1
v  ~StubRoutines::call_stub
j  java.security.AccessController.doPrivileged(Ljava/security/PrivilegedAction;Ljava/security/AccessControlContext;)Ljava/lang/Object;+0
j  java.security.ProtectionDomain$1.doIntersectionPrivilege(Ljava/security/PrivilegedAction;Ljava/security/AccessControlContext;Ljava/security/AccessControlContext;)Ljava/lang/Object;+28
j  java.awt.EventQueue.dispatchEvent(Ljava/awt/AWTEvent;)V+73
j  java.awt.EventDispatchThread.pumpOneEventForFilters(I)V+245
j  java.awt.EventDispatchThread.pumpEventsForFilter(ILjava/awt/Conditional;Ljava/awt/EventFilter;)V+35
j  java.awt.EventDispatchThread.pumpEventsForHierarchy(ILjava/awt/Conditional;Ljava/awt/Component;)V+11
j  java.awt.EventDispatchThread.pumpEvents(ILjava/awt/Conditional;)V+4
j  java.awt.EventDispatchThread.pumpEvents(Ljava/awt/Conditional;)V+3
j  java.awt.EventDispatchThread.run()V+9
v  ~StubRoutines::call_stub

---------------  P R O C E S S  ---------------

Java Threads: ( => current thread )
  0x19fa0800 JavaThread "Image Fetcher 3" daemon [_thread_blocked, id=12300, stack(0x1a930000,0x1a980000)]
  0x19ef2c00 JavaThread "TimerQueue" daemon [_thread_blocked, id=27148, stack(0x19160000,0x191b0000)]
  0x0078bc00 JavaThread "DestroyJavaVM" [_thread_blocked, id=34972, stack(0x00c40000,0x00c90000)]
=>0x00f79000 JavaThread "AWT-EventQueue-0" [_thread_in_native, id=26724, stack(0x196d0000,0x19720000)]
  0x00f78800 JavaThread "AWT-Windows" daemon [_thread_in_native, id=20584, stack(0x190a0000,0x190f0000)]
  0x00f70000 JavaThread "AWT-Shutdown" [_thread_blocked, id=34964, stack(0x18f80000,0x18fd0000)]
  0x00f6cc00 JavaThread "Java2D Disposer" daemon [_thread_blocked, id=13708, stack(0x190f0000,0x19140000)]
  0x00e65800 JavaThread "Service Thread" daemon [_thread_blocked, id=34340, stack(0x18ef0000,0x18f40000)]
  0x00e5f000 JavaThread "C1 CompilerThread0" daemon [_thread_blocked, id=37300, stack(0x18ea0000,0x18ef0000)]
  0x00e5dc00 JavaThread "Attach Listener" daemon [_thread_blocked, id=14180, stack(0x18df0000,0x18e40000)]
  0x00e5a800 JavaThread "Signal Dispatcher" daemon [_thread_blocked, id=15424, stack(0x18900000,0x18950000)]
  0x00e01c00 JavaThread "Finalizer" daemon [_thread_blocked, id=15388, stack(0x18b90000,0x18be0000)]
  0x00dfc800 JavaThread "Reference Handler" daemon [_thread_blocked, id=33260, stack(0x18a80000,0x18ad0000)]

Other Threads:
  0x00df7000 VMThread [stack: 0x18a20000,0x18a70000] [id=21300]
  0x00e81400 WatcherThread [stack: 0x19010000,0x19060000] [id=7956]

VM state:not at safepoint (normal execution)

VM Mutex/Monitor currently owned by a thread: None

Heap
 def new generation   total 4928K, used 3139K [0x048c0000, 0x04e10000, 0x09e10000)
  eden space 4416K,  59% used [0x048c0000, 0x04b50f30, 0x04d10000)
  from space 512K, 100% used [0x04d90000, 0x04e10000, 0x04e10000)
  to   space 512K,   0% used [0x04d10000, 0x04d10000, 0x04d90000)
 tenured generation   total 10944K, used 703K [0x09e10000, 0x0a8c0000, 0x148c0000)
   the space 10944K,   6% used [0x09e10000, 0x09ebfed0, 0x09ec0000, 0x0a8c0000)
 compacting perm gen  total 12288K, used 7911K [0x148c0000, 0x154c0000, 0x188c0000)
   the space 12288K,  64% used [0x148c0000, 0x15079d48, 0x15079e00, 0x154c0000)
No shared spaces configured.

Card table byte_map: [0x00ac0000,0x00b70000] byte_map_base: 0x00a9ba00

Polling page: 0x003c0000

Code Cache  [0x028c0000, 0x02990000, 0x048c0000)
 total_blobs=381 nmethods=155 adapters=161 free_code_cache=31967Kb largest_free_block=32734976

Compilation events (10 events):
Event: 16.237 Thread 0x00e5f000  150             sun.reflect.UTF8::utf8Length (81 bytes)
Event: 16.238 Thread 0x00e5f000 nmethod 150 0x02986fc8 code [0x029870e0, 0x0298727c]
Event: 16.242 Thread 0x00e5f000  151  s          java.util.Hashtable::get (70 bytes)
Event: 16.242 Thread 0x00e5f000 nmethod 151 0x029874c8 code [0x029875f0, 0x029878c8]
Event: 16.275 Thread 0x00e5f000  152             java.lang.String::lastIndexOf (13 bytes)
Event: 16.275 Thread 0x00e5f000 nmethod 152 0x02987a88 code [0x02987b90, 0x02987c2c]
Event: 16.292 Thread 0x00e5f000  153             sun.util.logging.PlatformLogger::isLoggable (9 bytes)
Event: 16.292 Thread 0x00e5f000 nmethod 153 0x02987cc8 code [0x02987dc0, 0x02987e80]
Event: 16.292 Thread 0x00e5f000  154             sun.util.logging.PlatformLogger$LoggerProxy::isLoggable (21 bytes)
Event: 16.292 Thread 0x00e5f000 nmethod 154 0x02987f08 code [0x02988000, 0x029880b0]

GC Heap History (2 events):
Event: 8.676 GC heap before
{Heap before GC invocations=0 (full 0):
 def new generation   total 4928K, used 4416K [0x048c0000, 0x04e10000, 0x09e10000)
  eden space 4416K, 100% used [0x048c0000, 0x04d10000, 0x04d10000)
  from space 512K,   0% used [0x04d10000, 0x04d10000, 0x04d90000)
  to   space 512K,   0% used [0x04d90000, 0x04d90000, 0x04e10000)
 tenured generation   total 10944K, used 0K [0x09e10000, 0x0a8c0000, 0x148c0000)
   the space 10944K,   0% used [0x09e10000, 0x09e10000, 0x09e10200, 0x0a8c0000)
 compacting perm gen  total 12288K, used 5459K [0x148c0000, 0x154c0000, 0x188c0000)
   the space 12288K,  44% used [0x148c0000, 0x14e14fe8, 0x14e15000, 0x154c0000)
No shared spaces configured.
Event: 8.681 GC heap after
Heap after GC invocations=1 (full 0):
 def new generation   total 4928K, used 512K [0x048c0000, 0x04e10000, 0x09e10000)
  eden space 4416K,   0% used [0x048c0000, 0x048c0000, 0x04d10000)
  from space 512K, 100% used [0x04d90000, 0x04e10000, 0x04e10000)
  to   space 512K,   0% used [0x04d10000, 0x04d10000, 0x04d90000)
 tenured generation   total 10944K, used 703K [0x09e10000, 0x0a8c0000, 0x148c0000)
   the space 10944K,   6% used [0x09e10000, 0x09ebfed0, 0x09ec0000, 0x0a8c0000)
 compacting perm gen  total 12288K, used 5459K [0x148c0000, 0x154c0000, 0x188c0000)
   the space 12288K,  44% used [0x148c0000, 0x14e14fe8, 0x14e15000, 0x154c0000)
No shared spaces configured.
}

Deoptimization events (0 events):
No events

Internal exceptions (10 events):
Event: 8.869 Thread 0x00f79000 Threw 0x048d58a8 at C:\jdk7u2_32P\jdk7u25\hotspot\src\share\vm\prims\jvm.cpp:1235
Event: 8.885 Thread 0x00f79000 Threw 0x048d9728 at C:\jdk7u2_32P\jdk7u25\hotspot\src\share\vm\prims\jvm.cpp:1235
Event: 8.906 Thread 0x00f79000 Threw 0x048e4f48 at C:\jdk7u2_32P\jdk7u25\hotspot\src\share\vm\prims\jvm.cpp:1235
Event: 9.819 Thread 0x00f79000 Threw 0x0493a7d8 at C:\jdk7u2_32P\jdk7u25\hotspot\src\share\vm\prims\jvm.cpp:1235
Event: 9.831 Thread 0x00f79000 Threw 0x0493de98 at C:\jdk7u2_32P\jdk7u25\hotspot\src\share\vm\prims\jvm.cpp:1235
Event: 9.843 Thread 0x00f79000 Threw 0x04955318 at C:\jdk7u2_32P\jdk7u25\hotspot\src\share\vm\prims\jvm.cpp:1235
Event: 16.245 Thread 0x00f79000 Threw 0x04b43048 at C:\jdk7u2_32P\jdk7u25\hotspot\src\share\vm\prims\jvm.cpp:1235
Event: 16.259 Thread 0x00f79000 Threw 0x04b46960 at C:\jdk7u2_32P\jdk7u25\hotspot\src\share\vm\prims\jvm.cpp:1235
Event: 16.274 Thread 0x00f79000 Threw 0x04b494a0 at C:\jdk7u2_32P\jdk7u25\hotspot\src\share\vm\prims\jvm.cpp:1235
Event: 16.282 Thread 0x00f79000 Threw 0x04b4bfe0 at C:\jdk7u2_32P\jdk7u25\hotspot\src\share\vm\prims\jvm.cpp:1235

Events (10 events):
Event: 16.259 loading class 0x19f01be8 done
Event: 16.259 loading class 0x19f0d458 done
Event: 16.259 loading class 0x19e73000
Event: 16.259 loading class 0x19e73000 done
Event: 16.274 loading class 0x19e73038
Event: 16.274 loading class 0x19e73038 done
Event: 16.282 loading class 0x19e73070
Event: 16.282 loading class 0x19e73070 done
Event: 16.292 Executing VM operation: RevokeBias
Event: 16.292 Executing VM operation: RevokeBias done


Dynamic libraries:
0x01090000 - 0x010bf000 	C:\eclipse\jdk1.7.0_25\bin\javaw.exe
0x77980000 - 0x77b00000 	C:\Windows\SysWOW64\ntdll.dll
0x75760000 - 0x75870000 	C:\Windows\syswow64\kernel32.dll
0x76b80000 - 0x76bc7000 	C:\Windows\syswow64\KERNELBASE.dll
0x76d90000 - 0x76e31000 	C:\Windows\syswow64\ADVAPI32.dll
0x753d0000 - 0x7547c000 	C:\Windows\syswow64\msvcrt.dll
0x756d0000 - 0x756e9000 	C:\Windows\SysWOW64\sechost.dll
0x76ca0000 - 0x76d90000 	C:\Windows\syswow64\RPCRT4.dll
0x74f90000 - 0x74ff0000 	C:\Windows\syswow64\SspiCli.dll
0x74f80000 - 0x74f8c000 	C:\Windows\syswow64\CRYPTBASE.dll
0x766b0000 - 0x767b0000 	C:\Windows\syswow64\USER32.dll
0x751e0000 - 0x75270000 	C:\Windows\syswow64\GDI32.dll
0x75880000 - 0x7588a000 	C:\Windows\syswow64\LPK.dll
0x75330000 - 0x753cd000 	C:\Windows\syswow64\USP10.dll
0x74180000 - 0x7431e000 	C:\Windows\WinSxS\x86_microsoft.windows.common-controls_6595b64144ccf1df_6.0.7601.18837_none_41e855142bd5705d\COMCTL32.dll
0x75120000 - 0x75177000 	C:\Windows\syswow64\SHLWAPI.dll
0x75180000 - 0x751e0000 	C:\Windows\system32\IMM32.DLL
0x76bd0000 - 0x76c9d000 	C:\Windows\syswow64\MSCTF.dll
0x68000000 - 0x68041000 	C:\Windows\system32\QIPCAP.DLL
0x75930000 - 0x7657b000 	C:\Windows\syswow64\SHELL32.dll
0x72260000 - 0x722a4000 	C:\Windows\system32\DNSAPI.dll
0x76aa0000 - 0x76ad5000 	C:\Windows\syswow64\WS2_32.dll
0x75870000 - 0x75876000 	C:\Windows\syswow64\NSI.dll
0x63400000 - 0x634be000 	C:\eclipse\jdk1.7.0_25\jre\bin\msvcr100.dll
0x50030000 - 0x50372000 	C:\eclipse\jdk1.7.0_25\jre\bin\client\jvm.dll
0x6d410000 - 0x6d417000 	C:\Windows\system32\WSOCK32.dll
0x73e80000 - 0x73eb2000 	C:\Windows\system32\WINMM.dll
0x75920000 - 0x75925000 	C:\Windows\syswow64\PSAPI.DLL
0x6f5d0000 - 0x6f5dc000 	C:\eclipse\jdk1.7.0_25\jre\bin\verify.dll
0x6f5b0000 - 0x6f5d0000 	C:\eclipse\jdk1.7.0_25\jre\bin\java.dll
0x6f590000 - 0x6f5a3000 	C:\eclipse\jdk1.7.0_25\jre\bin\zip.dll
0x60400000 - 0x60544000 	C:\eclipse\jdk1.7.0_25\jre\bin\awt.dll
0x76ae0000 - 0x76b71000 	C:\Windows\syswow64\OLEAUT32.dll
0x76e40000 - 0x76f9d000 	C:\Windows\syswow64\ole32.dll
0x70870000 - 0x708f0000 	C:\Windows\system32\uxtheme.dll
0x6ede0000 - 0x6ee81000 	c:\Program Files (x86)\Hewlett-Packard\HP ProtectTools Security Manager\Bin\DpoFeedb.dll
0x71a70000 - 0x71a79000 	C:\Windows\system32\VERSION.dll
0x74330000 - 0x74347000 	C:\Windows\system32\USERENV.dll
0x74320000 - 0x7432b000 	C:\Windows\system32\profapi.dll
0x70850000 - 0x70863000 	C:\Windows\system32\dwmapi.dll
0x735d0000 - 0x73619000 	c:\Program Files (x86)\Hewlett-Packard\HP ProtectTools Security Manager\Bin\DpoSet.dll
0x6f540000 - 0x6f554000 	C:\eclipse\jdk1.7.0_25\jre\bin\net.dll
0x722d0000 - 0x7230c000 	C:\Windows\system32\mswsock.dll
0x722b0000 - 0x722b6000 	C:\Windows\System32\wship6.dll
0x6f580000 - 0x6f58f000 	C:\eclipse\jdk1.7.0_25\jre\bin\nio.dll
0x72590000 - 0x725a7000 	C:\Windows\system32\CRYPTSP.dll
0x72550000 - 0x7258b000 	C:\Windows\system32\rsaenh.dll
0x70b10000 - 0x70b20000 	C:\Windows\system32\NLAapi.dll
0x70b00000 - 0x70b10000 	C:\Windows\system32\napinsp.dll
0x70ae0000 - 0x70af2000 	C:\Windows\system32\pnrpnsp.dll
0x70ad0000 - 0x70ad8000 	C:\Windows\System32\winrnr.dll
0x722c0000 - 0x722c5000 	C:\Windows\System32\wshtcpip.dll
0x72240000 - 0x7225c000 	C:\Windows\system32\IPHLPAPI.DLL
0x72230000 - 0x72237000 	C:\Windows\system32\WINNSI.DLL
0x72220000 - 0x72226000 	C:\Windows\system32\rasadhlp.dll
0x721e0000 - 0x72218000 	C:\Windows\System32\fwpuclnt.dll
0x64bc0000 - 0x64c9c000 	C:\Users\seilov_28961\AppData\Local\Temp\sqlite-3.15.1-ccdb74a9-df0b-4574-874d-69800290210c-sqlitejdbc.dll
0x6ea20000 - 0x6ea51000 	C:\eclipse\jdk1.7.0_25\jre\bin\fontmanager.dll
0x6f510000 - 0x6f540000 	C:\eclipse\jdk1.7.0_25\jre\bin\t2k.dll
0x75480000 - 0x75503000 	C:\Windows\syswow64\CLBCatQ.DLL
0x6cd50000 - 0x6ce4b000 	C:\Windows\system32\WindowsCodecs.dll
0x6ef00000 - 0x6ef4c000 	C:\Windows\system32\apphelp.dll
0x62100000 - 0x622a9000 	C:\PROGRA~2\MICROS~3\Office15\GROOVEEX.DLL
0x723d0000 - 0x72439000 	C:\Windows\system32\MSVCP100.dll
0x67a20000 - 0x67a46000 	C:\Windows\system32\ATL100.DLL
0x74350000 - 0x74596000 	C:\Windows\system32\msi.dll
0x606a0000 - 0x60f25000 	C:\PROGRA~2\MICROS~3\Office15\1049\GrooveIntlResource.dll
0x679a0000 - 0x679d1000 	C:\Windows\system32\EhStorShell.dll
0x76900000 - 0x76a9d000 	C:\Windows\syswow64\SETUPAPI.dll
0x75300000 - 0x75327000 	C:\Windows\syswow64\CFGMGR32.dll
0x756f0000 - 0x75702000 	C:\Windows\syswow64\DEVOBJ.dll
0x74080000 - 0x74175000 	C:\Windows\system32\PROPSYS.dll
0x6c4a0000 - 0x6c510000 	C:\Windows\system32\ntshrui.dll
0x70ab0000 - 0x70ac9000 	C:\Windows\system32\srvcli.dll
0x6c490000 - 0x6c49b000 	C:\Windows\system32\cscapi.dll
0x73d40000 - 0x73d4a000 	C:\Windows\system32\slc.dll
0x73ad0000 - 0x73bbb000 	C:\Windows\system32\dbghelp.dll

VM Arguments:
jvm_args: -Dfile.encoding=Cp1251 
java_command: www.lounger.kaz.MainFrame
Launcher Type: SUN_STANDARD

Environment Variables:
JAVA_HOME=C:\Program Files (x86)\Java\jdk1.7.0_02
CLASSPATH=C:\Program Files (x86)\Rational\ClearQuest\cqjni.jar
PATH=C:\oracle\product\10.2.0\client_1\bin;c:\Program Files (x86)\Intel\iCLS Client\;c:\Program Files\Intel\iCLS Client\;C:\Windows\system32;C:\Windows;C:\Windows\System32\Wbem;C:\Windows\System32\WindowsPowerShell\v1.0\;C:\Program Files\Intel\Intel(R) Management Engine Components\DAL;C:\Program Files\Intel\Intel(R) Management Engine Components\IPT;C:\Program Files (x86)\Intel\Intel(R) Management Engine Components\DAL;C:\Program Files (x86)\Intel\Intel(R) Management Engine Components\IPT;c:\Program Files (x86)\Hewlett-Packard\HP ProtectTools Security Manager\Bin\;C:\Program Files (x86)\Rational\common;C:\Program Files\Java\jre7\bin;C:\Program Files\Microsoft SQL Server\110\Tools\Binn\;C:\Program Files (x86)\Microsoft SQL Server\110\Tools\Binn\ManagementStudio\;C:\Program Files (x86)\Microsoft SQL Server\110\Tools\Binn\;C:\Program Files (x86)\Microsoft SQL Server\110\DTS\Binn\;C:\Program Files\Microsoft SQL Server\110\DTS\Binn\;C:\Program Files\Microsoft SQL Server\120\Tools\Binn\;C:\Program Files (x86)\Windows Kits\8.1\Windows Performance Toolkit\
USERNAME=seilov_28961
OS=Windows_NT
PROCESSOR_IDENTIFIER=Intel64 Family 6 Model 58 Stepping 9, GenuineIntel



---------------  S Y S T E M  ---------------

OS: Windows 7 , 64 bit Build 7601 Service Pack 1

CPU:total 4 (4 cores per cpu, 1 threads per core) family 6 model 58 stepping 9, cmov, cx8, fxsr, mmx, sse, sse2, sse3, ssse3, sse4.1, sse4.2, popcnt, avx, tsc, tscinvbit, tscinv

Memory: 4k page, physical 6162508k(1012924k free), swap 12323156k(5696652k free)

vm_info: Java HotSpot(TM) Client VM (23.25-b01) for windows-x86 JRE (1.7.0_25-b17), built on Jun 21 2013 13:06:48 by "java_re" with unknown MS VC++:1600

time: Wed Jan 25 15:20:17 2017
elapsed time: 16 seconds

